d:\university work\year 2\ooprogramming\work7\work7\debug\work7.ilk
d:\university work\year 2\ooprogramming\work7\work7\debug\work7.exe
d:\university work\year 2\ooprogramming\work7\work7\debug\work7.pdb
d:\university work\year 2\ooprogramming\work7\work7\work7\debug\vc140.pdb
d:\university work\year 2\ooprogramming\work7\work7\work7\debug\vc140.idb
d:\university work\year 2\ooprogramming\work7\work7\work7\debug\task6source.obj
d:\university work\year 2\ooprogramming\work7\work7\work7\debug\main.obj
d:\university work\year 2\ooprogramming\work7\work7\work7\debug\task1.obj
d:\university work\year 2\ooprogramming\work7\work7\work7\debug\task2source.obj
d:\university work\year 2\ooprogramming\work7\work7\work7\debug\task3.obj
d:\university work\year 2\ooprogramming\work7\work7\work7\debug\task3source.obj
d:\university work\year 2\ooprogramming\work7\work7\work7\debug\task4.obj
d:\university work\year 2\ooprogramming\work7\work7\work7\debug\task4source.obj
d:\university work\year 2\ooprogramming\work7\work7\work7\debug\task5source.obj
d:\university work\year 2\ooprogramming\work7\work7\work7\debug\work7.tlog\cl.command.1.tlog
d:\university work\year 2\ooprogramming\work7\work7\work7\debug\work7.tlog\link.command.1.tlog
d:\university work\year 2\ooprogramming\work7\work7\work7\debug\work7.tlog\cl.read.1.tlog
d:\university work\year 2\ooprogramming\work7\work7\work7\debug\work7.tlog\link.read.1.tlog
d:\university work\year 2\ooprogramming\work7\work7\work7\debug\work7.tlog\link.write.1.tlog
d:\university work\year 2\ooprogramming\work7\work7\work7\debug\work7.tlog\cl.write.1.tlog
